-------------------------------------------------------------------------------
Test set: kr.or.bit.chat.ChatApplicationTests
-------------------------------------------------------------------------------
Tests run: 1, Failures: 0, Errors: 1, Skipped: 0, Time elapsed: 0.244 s <<< FAILURE! - in kr.or.bit.chat.ChatApplicationTests
initializationError(kr.or.bit.chat.ChatApplicationTests)  Time elapsed: 0.004 s  <<< ERROR!
java.lang.IllegalStateException: Unable to find a @SpringBootConfiguration, you need to use @ContextConfiguration or @SpringBootTest(classes=...) with your test

